This is pdfTeX, Version 3.14159265-2.6-1.40.15 (TeX Live 2014/W32TeX) (preloaded format=pdflatex 2016.3.20)  17 APR 2016 21:44
entering extended mode
 restricted \write18 enabled.
 %&-line parsing enabled.
**GroupBased.tex
(./GroupBased.tex
LaTeX2e <2014/05/01>
Babel <3.9k> and hyphenation patterns for 78 languages loaded.
(./bioinfo.cls
Document Class: bioinfo 2003/02/08 0.1
(d:/Program Files/texlive/2014/texmf-dist/tex/latex/base/inputenc.sty
Package: inputenc 2014/04/30 v1.2b Input encoding file
\inpenc@prehook=\toks14
\inpenc@posthook=\toks15
)
(./crop.sty
Package: crop 2001/11/16 v1.6 cropmarks (mf)
\CROP@width=\dimen102
\CROP@height=\dimen103
\CROP@index=\count79

(d:/Program Files/texlive/2014/texmf-dist/tex/latex/graphics/graphics.sty
Package: graphics 2009/02/05 v1.0o Standard LaTeX Graphics (DPC,SPQR)

(d:/Program Files/texlive/2014/texmf-dist/tex/latex/graphics/trig.sty
Package: trig 1999/03/16 v1.09 sin cos tan (DPC)
)
(d:/Program Files/texlive/2014/texmf-dist/tex/latex/latexconfig/graphics.cfg
File: graphics.cfg 2010/04/23 v1.9 graphics configuration of TeX Live
)
Package graphics Info: Driver file: pdftex.def on input line 91.

(d:/Program Files/texlive/2014/texmf-dist/tex/latex/pdftex-def/pdftex.def
File: pdftex.def 2011/05/27 v0.06d Graphics/color for pdfTeX

(d:/Program Files/texlive/2014/texmf-dist/tex/generic/oberdiek/infwarerr.sty
Package: infwarerr 2010/04/08 v1.3 Providing info/warning/error messages (HO)
)
(d:/Program Files/texlive/2014/texmf-dist/tex/generic/oberdiek/ltxcmds.sty
Package: ltxcmds 2011/11/09 v1.22 LaTeX kernel commands for general use (HO)
)
\Gread@gobject=\count80
))
\CROP@offset=\count81
Package crop Info: Local config file crop.cfg used on input line 344.

(./crop.cfg))
Package crop Info: using pdf(la)tex graphics driver on input line 31.
 (./graphicx.sty
Package: graphicx 1999/02/16 v1.0f Enhanced LaTeX Graphics (DPC,SPQR)

(d:/Program Files/texlive/2014/texmf-dist/tex/latex/graphics/keyval.sty
Package: keyval 2014/05/08 v1.15 key=value parser (DPC)
\KV@toks@=\toks16
)
\Gin@req@height=\dimen104
\Gin@req@width=\dimen105
)
(d:/Program Files/texlive/2014/texmf-dist/tex/latex/amsmath/amsmath.sty
Package: amsmath 2013/01/14 v2.14 AMS math features
\@mathmargin=\skip41

For additional information on amsmath, use the `?' option.
(d:/Program Files/texlive/2014/texmf-dist/tex/latex/amsmath/amstext.sty
Package: amstext 2000/06/29 v2.01

(d:/Program Files/texlive/2014/texmf-dist/tex/latex/amsmath/amsgen.sty
File: amsgen.sty 1999/11/30 v2.0
\@emptytoks=\toks17
\ex@=\dimen106
))
(d:/Program Files/texlive/2014/texmf-dist/tex/latex/amsmath/amsbsy.sty
Package: amsbsy 1999/11/29 v1.2d
\pmbraise@=\dimen107
)
(d:/Program Files/texlive/2014/texmf-dist/tex/latex/amsmath/amsopn.sty
Package: amsopn 1999/12/14 v2.01 operator names
)
\inf@bad=\count82
LaTeX Info: Redefining \frac on input line 210.
\uproot@=\count83
\leftroot@=\count84
LaTeX Info: Redefining \overline on input line 306.
\classnum@=\count85
\DOTSCASE@=\count86
LaTeX Info: Redefining \ldots on input line 378.
LaTeX Info: Redefining \dots on input line 381.
LaTeX Info: Redefining \cdots on input line 466.
\Mathstrutbox@=\box26
\strutbox@=\box27
\big@size=\dimen108
LaTeX Font Info:    Redeclaring font encoding OML on input line 566.
LaTeX Font Info:    Redeclaring font encoding OMS on input line 567.
\macc@depth=\count87
\c@MaxMatrixCols=\count88
\dotsspace@=\muskip10
\c@parentequation=\count89
\dspbrk@lvl=\count90
\tag@help=\toks18
\row@=\count91
\column@=\count92
\maxfields@=\count93
\andhelp@=\toks19
\eqnshift@=\dimen109
\alignsep@=\dimen110
\tagshift@=\dimen111
\tagwidth@=\dimen112
\totwidth@=\dimen113
\lineht@=\dimen114
\@envbody=\toks20
\multlinegap=\skip42
\multlinetaggap=\skip43
\mathdisplay@stack=\toks21
LaTeX Info: Redefining \[ on input line 2665.
LaTeX Info: Redefining \] on input line 2666.
)
(./array.sty
Package: array 1998/05/13 v2.3m Tabular extension package (FMi)
\col@sep=\dimen115
\extrarowheight=\dimen116
\NC@list=\toks22
\extratabsurround=\skip44
\backup@length=\skip45
) (./color.sty
Package: color 1999/02/16 v1.0i Standard LaTeX Color (DPC)

(d:/Program Files/texlive/2014/texmf-dist/tex/latex/latexconfig/color.cfg
File: color.cfg 2007/01/18 v1.5 color configuration of teTeX/TeXLive
)
Package color Info: Driver file: pdftex.def on input line 125.
)
(d:/Program Files/texlive/2014/texmf-dist/tex/latex/amsfonts/amssymb.sty
Package: amssymb 2013/01/14 v3.01 AMS font symbols

(d:/Program Files/texlive/2014/texmf-dist/tex/latex/amsfonts/amsfonts.sty
Package: amsfonts 2013/01/14 v3.01 Basic AMSFonts support
\symAMSa=\mathgroup4
\symAMSb=\mathgroup5
LaTeX Font Info:    Overwriting math alphabet `\mathfrak' in version `bold'
(Font)                  U/euf/m/n --> U/euf/b/n on input line 106.
))
(./flushend.sty
Package: flushend 1997/10/01
\@aaa=\box28
\@ccc=\box29
\@viper=\box30
\hold@viper=\box31
\atColsBreak=\toks23
\@extra@skip=\dimen117
\@nd@page@rule=\dimen118
) (./stfloats.sty
Package: stfloats 1999/10/22
\@dblbotnum=\count94
\c@dblbotnumber=\count95
)
(d:/Program Files/texlive/2014/texmf-dist/tex/latex/amscls/amsthm.sty
Package: amsthm 2004/08/06 v2.20
\thm@style=\toks24
\thm@bodyfont=\toks25
\thm@headfont=\toks26
\thm@notefont=\toks27
\thm@headpunct=\toks28
\thm@preskip=\skip46
\thm@postskip=\skip47
\thm@headsep=\skip48
\dth@everypar=\toks29
)
(./chngpage.sty
Package: chngpage 2001/01/31 v1.1b change page layout
\c@cp@cnt=\count96
\c@cp@tempcnt=\count97
)
(d:/Program Files/texlive/2014/texmf-dist/tex/latex/psnfss/times.sty
Package: times 2005/04/12 PSNFSS-v9.2a (SPQR) 
)
(d:/Program Files/texlive/2014/texmf-dist/tex/latex/base/fontenc.sty
Package: fontenc 2005/09/27 v1.99g Standard LaTeX package

(d:/Program Files/texlive/2014/texmf-dist/tex/latex/ly1/ly1enc.def
File: ly1enc.def 2009/07/22 v0.7 TeX 'n ANSI encoding (DPC/KB)
)
LaTeX Font Info:    Try loading font information for LY1+ptm on input line 100.


(d:/Program Files/texlive/2014/texmf-dist/tex/latex/ly1/ly1ptm.fd
File: ly1ptm.fd 2001/02/01 font definitions for LY1/ptm using Berry names.
))
\c@section=\count98
\c@subsection=\count99
\c@subsubsection=\count100
\c@paragraph=\count101
\c@subparagraph=\count102
\c@figure=\count103
\c@table=\count104
\dropfromtop=\skip49
\extraspace=\skip50
\aboveskipchk=\skip51
\abovecaptionskip=\skip52
\belowcaptionskip=\skip53
\rotdimen=\dimen119
\tempdime=\dimen120
\temptbox=\box32

(./natbib.sty
Package: natbib 2000/07/24 7.0a (PWD)
\bibhang=\skip54
\bibsep=\skip55
LaTeX Info: Redefining \cite on input line 508.
\c@NAT@ctr=\count105
))
(d:/Program Files/texlive/2014/texmf-dist/tex/latex/tools/bm.sty
Package: bm 2004/02/26 v1.1c Bold Symbol Support (DPC/FMi)
\symboldoperators=\mathgroup6
\symboldletters=\mathgroup7
\symboldsymbols=\mathgroup8
LaTeX Font Info:    Redeclaring math alphabet \mathbf on input line 137.
LaTeX Info: Redefining \bm on input line 203.
)
(d:/Program Files/texlive/2014/texmf-dist/tex/latex/subfigure/subfigure.sty
Package: subfigure 2002/03/15 v2.1.5 subfigure package


Package subfigure Warning: Your document class has a bad definition
 of \endfigure, most likely
 \let\endfigure=\end@float
 which has now been changed to
 \def\endfigure{\end@float}
 because otherwise subsequent changes to \end@float
 (like done by several packages changing float behaviour)
 can't take effect on \endfigure.
 Please complain to your document class author.

\subfigtopskip=\skip56
\subfigcapskip=\skip57
\subfigcaptopadj=\dimen121
\subfigbottomskip=\skip58
\subfigcapmargin=\dimen122
\subfiglabelskip=\skip59
\c@subfigure=\count106
\c@lofdepth=\count107
\c@subtable=\count108
\c@lotdepth=\count109
****************************************
* Local config file subfigure.cfg used *
****************************************
(d:/Program Files/texlive/2014/texmf-dist/tex/latex/subfigure/subfigure.cfg)
\subfig@top=\skip60
\subfig@bottom=\skip61
)
(d:/Program Files/texlive/2014/texmf-dist/tex/latex/multirow/multirow.sty
\bigstrutjot=\dimen123
)
(./algorithm.sty
Package: algorithm 

Document Style `algorithm' - floating environment
(./float.sty
Package: float 2001/11/08 v1.3d Float enhancements (AL)
\c@float@type=\count110
\float@exts=\toks30
\float@box=\box33
\@float@everytoks=\toks31
\@floatcapt=\box34
)
(d:/Program Files/texlive/2014/texmf-dist/tex/latex/base/ifthen.sty
Package: ifthen 2001/05/26 v1.1c Standard LaTeX ifthen package (DPC)
)
\@float@every@algorithm=\toks32
\c@algorithm=\count111
)
(./algorithmic.sty
Package: algorithmic 2006/06/02

Document Style `algorithmic' - environment
(d:/Program Files/texlive/2014/texmf-dist/tex/latex/tools/calc.sty
Package: calc 2007/08/22 v4.3 Infix arithmetic (KKT,FJ)
\calc@Acount=\count112
\calc@Bcount=\count113
\calc@Adimen=\dimen124
\calc@Bdimen=\dimen125
\calc@Askip=\skip62
\calc@Bskip=\skip63
LaTeX Info: Redefining \setlength on input line 75.
LaTeX Info: Redefining \addtolength on input line 76.
\calc@Ccount=\count114
\calc@Cskip=\skip64
)
\c@ALC@line=\count115
\c@ALC@rem=\count116
\c@ALC@depth=\count117
\ALC@tlm=\skip65
\algorithmicindent=\skip66
)
(d:/Program Files/texlive/2014/texmf-dist/tex/latex/jknapltx/mathrsfs.sty
Package: mathrsfs 1996/01/01 Math RSFS package v1.0 (jk)
\symrsfs=\mathgroup9
)
(./GroupBased.aux

LaTeX Warning: Label `equ:V_gradient' multiply defined.

)
\openout1 = `GroupBased.aux'.

LaTeX Font Info:    Checking defaults for OML/cmm/m/it on input line 15.
LaTeX Font Info:    ... okay on input line 15.
LaTeX Font Info:    Checking defaults for T1/cmr/m/n on input line 15.
LaTeX Font Info:    ... okay on input line 15.
LaTeX Font Info:    Checking defaults for OT1/cmr/m/n on input line 15.
LaTeX Font Info:    ... okay on input line 15.
LaTeX Font Info:    Checking defaults for OMS/cmsy/m/n on input line 15.
LaTeX Font Info:    ... okay on input line 15.
LaTeX Font Info:    Checking defaults for OMX/cmex/m/n on input line 15.
LaTeX Font Info:    ... okay on input line 15.
LaTeX Font Info:    Checking defaults for U/cmr/m/n on input line 15.
LaTeX Font Info:    ... okay on input line 15.
LaTeX Font Info:    Checking defaults for LY1/ptm/m/n on input line 15.
LaTeX Font Info:    ... okay on input line 15.
 (d:/Program Files/texlive/2014/texmf-dist/tex/context/base/supp-pdf.mkii
[Loading MPS to PDF converter (version 2006.09.02).]
\scratchcounter=\count118
\scratchdimen=\dimen126
\scratchbox=\box35
\nofMPsegments=\count119
\nofMParguments=\count120
\everyMPshowfont=\toks33
\MPscratchCnt=\count121
\MPscratchDim=\dimen127
\MPnumerator=\count122
\makeMPintoPDFobject=\count123
\everyMPtoPDFconversion=\toks34
) (d:/Program Files/texlive/2014/texmf-dist/tex/generic/oberdiek/pdftexcmds.sty
Package: pdftexcmds 2011/11/29 v0.20 Utility functions of pdfTeX for LuaTeX (HO
)
(d:/Program Files/texlive/2014/texmf-dist/tex/generic/oberdiek/ifluatex.sty
Package: ifluatex 2010/03/01 v1.3 Provides the ifluatex switch (HO)
Package ifluatex Info: LuaTeX not detected.
)
(d:/Program Files/texlive/2014/texmf-dist/tex/generic/oberdiek/ifpdf.sty
Package: ifpdf 2011/01/30 v2.3 Provides the ifpdf switch (HO)
Package ifpdf Info: pdfTeX in PDF mode is detected.
)
Package pdftexcmds Info: LuaTeX not detected.
Package pdftexcmds Info: \pdf@primitive is available.
Package pdftexcmds Info: \pdf@ifprimitive is available.
Package pdftexcmds Info: \pdfdraftmode found.
)
(d:/Program Files/texlive/2014/texmf-dist/tex/latex/oberdiek/epstopdf-base.sty
Package: epstopdf-base 2010/02/09 v2.5 Base part for package epstopdf

(d:/Program Files/texlive/2014/texmf-dist/tex/latex/oberdiek/grfext.sty
Package: grfext 2010/08/19 v1.1 Manage graphics extensions (HO)

(d:/Program Files/texlive/2014/texmf-dist/tex/generic/oberdiek/kvdefinekeys.sty
Package: kvdefinekeys 2011/04/07 v1.3 Define keys (HO)
)) (d:/Program Files/texlive/2014/texmf-dist/tex/latex/oberdiek/kvoptions.sty
Package: kvoptions 2011/06/30 v3.11 Key value format for package options (HO)

(d:/Program Files/texlive/2014/texmf-dist/tex/generic/oberdiek/kvsetkeys.sty
Package: kvsetkeys 2012/04/25 v1.16 Key value parser (HO)

(d:/Program Files/texlive/2014/texmf-dist/tex/generic/oberdiek/etexcmds.sty
Package: etexcmds 2011/02/16 v1.5 Avoid name clashes with e-TeX commands (HO)
Package etexcmds Info: Could not find \expanded.
(etexcmds)             That can mean that you are not using pdfTeX 1.50 or
(etexcmds)             that some package has redefined \expanded.
(etexcmds)             In the latter case, load this package earlier.
)))
Package grfext Info: Graphics extension search list:
(grfext)             [.png,.pdf,.jpg,.mps,.jpeg,.jbig2,.jb2,.PNG,.PDF,.JPG,.JPE
G,.JBIG2,.JB2,.eps]
(grfext)             \AppendGraphicsExtensions on input line 452.

(d:/Program Files/texlive/2014/texmf-dist/tex/latex/latexconfig/epstopdf-sys.cf
g
File: epstopdf-sys.cfg 2010/07/13 v1.3 Configuration of (r)epstopdf for TeX Liv
e
))
LaTeX Font Info:    Try loading font information for LY1+phv on input line 47.
 (d:/Program Files/texlive/2014/texmf-dist/tex/latex/ly1/ly1phv.fd
File: ly1phv.fd 2001/02/01 scalable font definitions for LY1/phv using Berry na
mes.
)
Package epstopdf Info: Source file: <OUP_First_SBk_Bot_8401.eps>
(epstopdf)                    date: 2015-08-12 16:24:54
(epstopdf)                    size: 407286 bytes
(epstopdf)             Output file: <OUP_First_SBk_Bot_8401-eps-converted-to.pd
f>
(epstopdf)                    date: 2015-11-14 13:47:52
(epstopdf)                    size: 9121 bytes
(epstopdf)             Command: <repstopdf --outfile=OUP_First_SBk_Bot_8401-eps
-converted-to.pdf OUP_First_SBk_Bot_8401.eps>
(epstopdf)             \includegraphics on input line 47.
Package epstopdf Info: Output file is already uptodate.

<OUP_First_SBk_Bot_8401-eps-converted-to.pdf, id=1, 54.2025pt x 54.2025pt>
File: OUP_First_SBk_Bot_8401-eps-converted-to.pdf Graphic file (type pdf)

<use OUP_First_SBk_Bot_8401-eps-converted-to.pdf>
Package pdftex.def Info: OUP_First_SBk_Bot_8401-eps-converted-to.pdf used on in
put line 47.
(pdftex.def)             Requested size: 54.20236pt x 54.20236pt.
LaTeX Font Info:    Font shape `LY1/phv/bx/n' in size <8> not available
(Font)              Font shape `LY1/phv/b/n' tried instead on input line 47.
LaTeX Font Info:    Font shape `LY1/phv/bx/n' in size <18> not available
(Font)              Font shape `LY1/phv/b/n' tried instead on input line 47.
LaTeX Font Info:    Font shape `LY1/phv/bx/n' in size <12> not available
(Font)              Font shape `LY1/phv/b/n' tried instead on input line 47.
LaTeX Font Info:    Try loading font information for U+msa on input line 47.

(d:/Program Files/texlive/2014/texmf-dist/tex/latex/amsfonts/umsa.fd
File: umsa.fd 2013/01/14 v3.01 AMS symbols A
)
LaTeX Font Info:    Try loading font information for U+msb on input line 47.

(d:/Program Files/texlive/2014/texmf-dist/tex/latex/amsfonts/umsb.fd
File: umsb.fd 2013/01/14 v3.01 AMS symbols B
)
LaTeX Font Info:    Try loading font information for U+rsfs on input line 47.

(d:/Program Files/texlive/2014/texmf-dist/tex/latex/jknapltx/ursfs.fd
File: ursfs.fd 1998/03/24 rsfs font definition file (jk)
)
LaTeX Font Info:    Font shape `LY1/phv/bx/n' in size <9> not available
(Font)              Font shape `LY1/phv/b/n' tried instead on input line 47.
LaTeX Font Info:    Font shape `LY1/phv/bx/n' in size <7> not available
(Font)              Font shape `LY1/phv/b/n' tried instead on input line 47.


LaTeX Font Warning: Font shape `OT1/cmr/m/n' in size <6.5> not available
(Font)              size <6> substituted on input line 47.


LaTeX Font Warning: Font shape `OML/cmm/m/it' in size <6.5> not available
(Font)              size <6> substituted on input line 47.


LaTeX Font Warning: Font shape `OMS/cmsy/m/n' in size <6.5> not available
(Font)              size <6> substituted on input line 47.


LaTeX Font Warning: Font shape `OT1/cmr/bx/n' in size <6.5> not available
(Font)              size <6> substituted on input line 47.


LaTeX Font Warning: Font shape `OML/cmm/b/it' in size <6.5> not available
(Font)              size <6> substituted on input line 47.


LaTeX Font Warning: Font shape `OMS/cmsy/b/n' in size <6.5> not available
(Font)              size <6> substituted on input line 47.


LaTeX Font Warning: Font shape `U/rsfs/m/n' in size <6.5> not available
(Font)              size <6> substituted on input line 47.

LaTeX Font Info:    Calculating math sizes for size <8.5> on input line 47.

LaTeX Font Warning: Font shape `OT1/cmr/m/n' in size <8.5> not available
(Font)              size <8> substituted on input line 47.


LaTeX Font Warning: Font shape `OT1/cmr/m/n' in size <4.25> not available
(Font)              size <5> substituted on input line 47.


LaTeX Font Warning: Font shape `OML/cmm/m/it' in size <8.5> not available
(Font)              size <8> substituted on input line 47.


LaTeX Font Warning: Font shape `OML/cmm/m/it' in size <4.25> not available
(Font)              size <5> substituted on input line 47.


LaTeX Font Warning: Font shape `OMS/cmsy/m/n' in size <8.5> not available
(Font)              size <8> substituted on input line 47.


LaTeX Font Warning: Font shape `OMS/cmsy/m/n' in size <4.25> not available
(Font)              size <5> substituted on input line 47.


LaTeX Font Warning: Font shape `OT1/cmr/bx/n' in size <8.5> not available
(Font)              size <8> substituted on input line 47.


LaTeX Font Warning: Font shape `OT1/cmr/bx/n' in size <4.25> not available
(Font)              size <5> substituted on input line 47.


LaTeX Font Warning: Font shape `OML/cmm/b/it' in size <8.5> not available
(Font)              size <8> substituted on input line 47.


LaTeX Font Warning: Font shape `OML/cmm/b/it' in size <4.25> not available
(Font)              size <5> substituted on input line 47.


LaTeX Font Warning: Font shape `OMS/cmsy/b/n' in size <8.5> not available
(Font)              size <8> substituted on input line 47.


LaTeX Font Warning: Font shape `OMS/cmsy/b/n' in size <4.25> not available
(Font)              size <5> substituted on input line 47.


LaTeX Font Warning: Font shape `U/rsfs/m/n' in size <8.5> not available
(Font)              size <8> substituted on input line 47.


LaTeX Font Warning: Font shape `U/rsfs/m/n' in size <4.25> not available
(Font)              size <5> substituted on input line 47.

LaTeX Font Info:    Font shape `LY1/phv/bx/n' in size <10> not available
(Font)              Font shape `LY1/phv/b/n' tried instead on input line 47.
LaTeX Font Info:    Font shape `LY1/phv/m/it' in size <9> not available
(Font)              Font shape `LY1/phv/m/sl' tried instead on input line 47.

Underfull \hbox (badness 10000) detected at line 47
[]
 []


Underfull \vbox (badness 10000) has occurred while \output is active []


Underfull \vbox (badness 10000) has occurred while \output is active []


Overfull \hbox (1.12001pt too wide) has occurred while \output is active
 []
 []

[1{d:/Program Files/texlive/2014/texmf-var/fonts/map/pdftex/updmap/pdftex.map}



 <./OUP_First_SBk_Bot_8401-eps-converted-to.pdf>]
LaTeX Font Info:    Try loading font information for LY1+phb on input line 81.
LaTeX Font Info:    No file LY1phb.fd. on input line 81.


LaTeX Font Warning: Font shape `LY1/phb/m/n' undefined
(Font)              using `LY1/ptm/m/n' instead on input line 81.


LaTeX Font Warning: Font shape `LY1/phb/bx/n' undefined
(Font)              using `LY1/phb/m/n' instead on input line 81.

LaTeX Font Info:    Font shape `LY1/ptm/bx/n' in size <8> not available
(Font)              Font shape `LY1/ptm/b/n' tried instead on input line 85.

Overfull \hbox (6.8618pt too wide) in paragraph at lines 131--131
[] 
 []


Overfull \hbox (10.73082pt too wide) in paragraph at lines 151--151
[] 
 []


Overfull \hbox (29.56718pt too wide) in paragraph at lines 208--210
\LY1/ptm/m/n/8 obtained from BIOMART of Ensembl (http://www.ensembl.org/biomart
/martview).
 []


Underfull \hbox (badness 2165) in paragraph at lines 214--216
\LY1/ptm/m/n/8 Biomedical Ontologies (http://www.obofoundry.org/). Known gene-
 []


Underfull \hbox (badness 2073) in paragraph at lines 214--216
\LY1/ptm/m/n/8 phenotype associations were retrieved from the database of each
 []


Underfull \hbox (badness 1087) in paragraph at lines 214--216
\LY1/ptm/m/n/8 connected OMIM to HPO by annotations from http://www.human-
 []

LaTeX Font Info:    Font shape `LY1/phv/m/it' in size <8> not available
(Font)              Font shape `LY1/phv/m/sl' tried instead on input line 216.

Overfull \hbox (252.0pt too wide) has occurred while \output is active
[][] 
 []

[2]
Underfull \vbox (badness 10000) has occurred while \output is active []

Extra height:32.736pt when 117.868pt

Underfull \vbox (badness 10000) has occurred while \output is active []

Extra height:32.736pt when 118.868pt

Underfull \vbox (badness 10000) has occurred while \output is active []

Extra height:32.736pt when 119.868pt

Underfull \vbox (badness 10000) has occurred while \output is active []

Extra height:0.0pt when 120.868pt

Underfull \vbox (badness 10000) has occurred while \output is active []

(2)Left:120.868pt Right:101.736pt Output:120.868pt
- LAST -
Extra skip:0.0pt
Left:120.868pt
Right:101.736pt
Output:120.868pt

Underfull \vbox (badness 10000) has occurred while \output is active []


Overfull \hbox (252.0pt too wide) has occurred while \output is active
[][] 
 []

[3

] (./GroupBased.aux)

LaTeX Font Warning: Size substitutions with differences
(Font)              up to 0.75pt have occurred.


LaTeX Font Warning: Some font shapes were not available, defaults substituted.


LaTeX Warning: There were multiply-defined labels.

 ) 
Here is how much of TeX's memory you used:
 4267 strings out of 493117
 54171 string characters out of 6132744
 130613 words of memory out of 5000000
 7591 multiletter control sequences out of 15000+600000
 55007 words of font info for 107 fonts, out of 8000000 for 9000
 1145 hyphenation exceptions out of 8191
 38i,20n,28p,906b,537s stack positions out of 5000i,500n,10000p,200000b,80000s
{d:/Program Files/texlive/2014/texmf-dist/fonts/enc/dvips/ly1/texnansi.enc}<d
:/Program Files/texlive/2014/texmf-dist/fonts/type1/public/amsfonts/cmextra/cmb
sy6.pfb><d:/Program Files/texlive/2014/texmf-dist/fonts/type1/public/amsfonts/c
mextra/cmbsy8.pfb><d:/Program Files/texlive/2014/texmf-dist/fonts/type1/public/
amsfonts/cmextra/cmbsy9.pfb><d:/Program Files/texlive/2014/texmf-dist/fonts/typ
e1/public/amsfonts/cm/cmbx6.pfb><d:/Program Files/texlive/2014/texmf-dist/fonts
/type1/public/amsfonts/cm/cmbx8.pfb><d:/Program Files/texlive/2014/texmf-dist/f
onts/type1/public/amsfonts/cmextra/cmex8.pfb><d:/Program Files/texlive/2014/tex
mf-dist/fonts/type1/public/amsfonts/cm/cmmi5.pfb><d:/Program Files/texlive/2014
/texmf-dist/fonts/type1/public/amsfonts/cm/cmmi6.pfb><d:/Program Files/texlive/
2014/texmf-dist/fonts/type1/public/amsfonts/cm/cmmi8.pfb><d:/Program Files/texl
ive/2014/texmf-dist/fonts/type1/public/amsfonts/cmextra/cmmib6.pfb><d:/Program 
Files/texlive/2014/texmf-dist/fonts/type1/public/amsfonts/cmextra/cmmib8.pfb><d
:/Program Files/texlive/2014/texmf-dist/fonts/type1/public/amsfonts/cm/cmr6.pfb
><d:/Program Files/texlive/2014/texmf-dist/fonts/type1/public/amsfonts/cm/cmr8.
pfb><d:/Program Files/texlive/2014/texmf-dist/fonts/type1/public/amsfonts/cm/cm
sy6.pfb><d:/Program Files/texlive/2014/texmf-dist/fonts/type1/public/amsfonts/c
m/cmsy8.pfb><d:/Program Files/texlive/2014/texmf-dist/fonts/type1/urw/helvetic/
uhvb8a.pfb><d:/Program Files/texlive/2014/texmf-dist/fonts/type1/urw/helvetic/u
hvr8a.pfb><d:/Program Files/texlive/2014/texmf-dist/fonts/type1/urw/helvetic/uh
vr8ac.pfb><d:/Program Files/texlive/2014/texmf-dist/fonts/type1/urw/helvetic/uh
vro8a.pfb><d:/Program Files/texlive/2014/texmf-dist/fonts/type1/urw/helvetic/uh
vro8ac.pfb><d:/Program Files/texlive/2014/texmf-dist/fonts/type1/urw/times/utmb
8a.pfb><d:/Program Files/texlive/2014/texmf-dist/fonts/type1/urw/times/utmr8a.p
fb>
Output written on GroupBased.pdf (3 pages, 200774 bytes).
PDF statistics:
 106 PDF objects out of 1000 (max. 8388607)
 77 compressed objects within 1 object stream
 0 named destinations out of 1000 (max. 500000)
 6 words of extra memory for PDF output out of 10000 (max. 10000000)

