This is pdfTeX, Version 3.14159265-2.6-1.40.15 (TeX Live 2014/W32TeX) (preloaded format=pdflatex 2016.3.20)  30 MAR 2016 16:57
entering extended mode
 restricted \write18 enabled.
 %&-line parsing enabled.
**main.tex
(./main.tex
LaTeX2e <2014/05/01>
Babel <3.9k> and hyphenation patterns for 78 languages loaded.
(./bioinfo.cls
Document Class: bioinfo 2003/02/08 0.1
(d:/Program Files/texlive/2014/texmf-dist/tex/latex/base/inputenc.sty
Package: inputenc 2014/04/30 v1.2b Input encoding file
\inpenc@prehook=\toks14
\inpenc@posthook=\toks15
)
(./crop.sty
Package: crop 2001/11/16 v1.6 cropmarks (mf)
\CROP@width=\dimen102
\CROP@height=\dimen103
\CROP@index=\count79

(d:/Program Files/texlive/2014/texmf-dist/tex/latex/graphics/graphics.sty
Package: graphics 2009/02/05 v1.0o Standard LaTeX Graphics (DPC,SPQR)

(d:/Program Files/texlive/2014/texmf-dist/tex/latex/graphics/trig.sty
Package: trig 1999/03/16 v1.09 sin cos tan (DPC)
)
(d:/Program Files/texlive/2014/texmf-dist/tex/latex/latexconfig/graphics.cfg
File: graphics.cfg 2010/04/23 v1.9 graphics configuration of TeX Live
)
Package graphics Info: Driver file: pdftex.def on input line 91.

(d:/Program Files/texlive/2014/texmf-dist/tex/latex/pdftex-def/pdftex.def
File: pdftex.def 2011/05/27 v0.06d Graphics/color for pdfTeX

(d:/Program Files/texlive/2014/texmf-dist/tex/generic/oberdiek/infwarerr.sty
Package: infwarerr 2010/04/08 v1.3 Providing info/warning/error messages (HO)
)
(d:/Program Files/texlive/2014/texmf-dist/tex/generic/oberdiek/ltxcmds.sty
Package: ltxcmds 2011/11/09 v1.22 LaTeX kernel commands for general use (HO)
)
\Gread@gobject=\count80
))
\CROP@offset=\count81
Package crop Info: Local config file crop.cfg used on input line 344.

(./crop.cfg))
Package crop Info: using pdf(la)tex graphics driver on input line 31.
 (./graphicx.sty
Package: graphicx 1999/02/16 v1.0f Enhanced LaTeX Graphics (DPC,SPQR)

(d:/Program Files/texlive/2014/texmf-dist/tex/latex/graphics/keyval.sty
Package: keyval 2014/05/08 v1.15 key=value parser (DPC)
\KV@toks@=\toks16
)
\Gin@req@height=\dimen104
\Gin@req@width=\dimen105
)
(d:/Program Files/texlive/2014/texmf-dist/tex/latex/amsmath/amsmath.sty
Package: amsmath 2013/01/14 v2.14 AMS math features
\@mathmargin=\skip41

For additional information on amsmath, use the `?' option.
(d:/Program Files/texlive/2014/texmf-dist/tex/latex/amsmath/amstext.sty
Package: amstext 2000/06/29 v2.01

(d:/Program Files/texlive/2014/texmf-dist/tex/latex/amsmath/amsgen.sty
File: amsgen.sty 1999/11/30 v2.0
\@emptytoks=\toks17
\ex@=\dimen106
))
(d:/Program Files/texlive/2014/texmf-dist/tex/latex/amsmath/amsbsy.sty
Package: amsbsy 1999/11/29 v1.2d
\pmbraise@=\dimen107
)
(d:/Program Files/texlive/2014/texmf-dist/tex/latex/amsmath/amsopn.sty
Package: amsopn 1999/12/14 v2.01 operator names
)
\inf@bad=\count82
LaTeX Info: Redefining \frac on input line 210.
\uproot@=\count83
\leftroot@=\count84
LaTeX Info: Redefining \overline on input line 306.
\classnum@=\count85
\DOTSCASE@=\count86
LaTeX Info: Redefining \ldots on input line 378.
LaTeX Info: Redefining \dots on input line 381.
LaTeX Info: Redefining \cdots on input line 466.
\Mathstrutbox@=\box26
\strutbox@=\box27
\big@size=\dimen108
LaTeX Font Info:    Redeclaring font encoding OML on input line 566.
LaTeX Font Info:    Redeclaring font encoding OMS on input line 567.
\macc@depth=\count87
\c@MaxMatrixCols=\count88
\dotsspace@=\muskip10
\c@parentequation=\count89
\dspbrk@lvl=\count90
\tag@help=\toks18
\row@=\count91
\column@=\count92
\maxfields@=\count93
\andhelp@=\toks19
\eqnshift@=\dimen109
\alignsep@=\dimen110
\tagshift@=\dimen111
\tagwidth@=\dimen112
\totwidth@=\dimen113
\lineht@=\dimen114
\@envbody=\toks20
\multlinegap=\skip42
\multlinetaggap=\skip43
\mathdisplay@stack=\toks21
LaTeX Info: Redefining \[ on input line 2665.
LaTeX Info: Redefining \] on input line 2666.
)
(./array.sty
Package: array 1998/05/13 v2.3m Tabular extension package (FMi)
\col@sep=\dimen115
\extrarowheight=\dimen116
\NC@list=\toks22
\extratabsurround=\skip44
\backup@length=\skip45
) (./color.sty
Package: color 1999/02/16 v1.0i Standard LaTeX Color (DPC)

(d:/Program Files/texlive/2014/texmf-dist/tex/latex/latexconfig/color.cfg
File: color.cfg 2007/01/18 v1.5 color configuration of teTeX/TeXLive
)
Package color Info: Driver file: pdftex.def on input line 125.
)
(d:/Program Files/texlive/2014/texmf-dist/tex/latex/amsfonts/amssymb.sty
Package: amssymb 2013/01/14 v3.01 AMS font symbols

(d:/Program Files/texlive/2014/texmf-dist/tex/latex/amsfonts/amsfonts.sty
Package: amsfonts 2013/01/14 v3.01 Basic AMSFonts support
\symAMSa=\mathgroup4
\symAMSb=\mathgroup5
LaTeX Font Info:    Overwriting math alphabet `\mathfrak' in version `bold'
(Font)                  U/euf/m/n --> U/euf/b/n on input line 106.
))
(./flushend.sty
Package: flushend 1997/10/01
\@aaa=\box28
\@ccc=\box29
\@viper=\box30
\hold@viper=\box31
\atColsBreak=\toks23
\@extra@skip=\dimen117
\@nd@page@rule=\dimen118
) (./stfloats.sty
Package: stfloats 1999/10/22
\@dblbotnum=\count94
\c@dblbotnumber=\count95
)
(d:/Program Files/texlive/2014/texmf-dist/tex/latex/amscls/amsthm.sty
Package: amsthm 2004/08/06 v2.20
\thm@style=\toks24
\thm@bodyfont=\toks25
\thm@headfont=\toks26
\thm@notefont=\toks27
\thm@headpunct=\toks28
\thm@preskip=\skip46
\thm@postskip=\skip47
\thm@headsep=\skip48
\dth@everypar=\toks29
)
(./chngpage.sty
Package: chngpage 2001/01/31 v1.1b change page layout
\c@cp@cnt=\count96
\c@cp@tempcnt=\count97
)
(d:/Program Files/texlive/2014/texmf-dist/tex/latex/psnfss/times.sty
Package: times 2005/04/12 PSNFSS-v9.2a (SPQR) 
)
(d:/Program Files/texlive/2014/texmf-dist/tex/latex/base/fontenc.sty
Package: fontenc 2005/09/27 v1.99g Standard LaTeX package

(d:/Program Files/texlive/2014/texmf-dist/tex/latex/ly1/ly1enc.def
File: ly1enc.def 2009/07/22 v0.7 TeX 'n ANSI encoding (DPC/KB)
)
LaTeX Font Info:    Try loading font information for LY1+ptm on input line 100.


(d:/Program Files/texlive/2014/texmf-dist/tex/latex/ly1/ly1ptm.fd
File: ly1ptm.fd 2001/02/01 font definitions for LY1/ptm using Berry names.
))
\c@section=\count98
\c@subsection=\count99
\c@subsubsection=\count100
\c@paragraph=\count101
\c@subparagraph=\count102
\c@figure=\count103
\c@table=\count104
\dropfromtop=\skip49
\extraspace=\skip50
\aboveskipchk=\skip51
\abovecaptionskip=\skip52
\belowcaptionskip=\skip53
\rotdimen=\dimen119
\tempdime=\dimen120
\temptbox=\box32

(./natbib.sty
Package: natbib 2000/07/24 7.0a (PWD)
\bibhang=\skip54
\bibsep=\skip55
LaTeX Info: Redefining \cite on input line 508.
\c@NAT@ctr=\count105
)) (./main.aux)
\openout1 = `main.aux'.

LaTeX Font Info:    Checking defaults for OML/cmm/m/it on input line 7.
LaTeX Font Info:    ... okay on input line 7.
LaTeX Font Info:    Checking defaults for T1/cmr/m/n on input line 7.
LaTeX Font Info:    ... okay on input line 7.
LaTeX Font Info:    Checking defaults for OT1/cmr/m/n on input line 7.
LaTeX Font Info:    ... okay on input line 7.
LaTeX Font Info:    Checking defaults for OMS/cmsy/m/n on input line 7.
LaTeX Font Info:    ... okay on input line 7.
LaTeX Font Info:    Checking defaults for OMX/cmex/m/n on input line 7.
LaTeX Font Info:    ... okay on input line 7.
LaTeX Font Info:    Checking defaults for U/cmr/m/n on input line 7.
LaTeX Font Info:    ... okay on input line 7.
LaTeX Font Info:    Checking defaults for LY1/ptm/m/n on input line 7.
LaTeX Font Info:    ... okay on input line 7.

(d:/Program Files/texlive/2014/texmf-dist/tex/context/base/supp-pdf.mkii
[Loading MPS to PDF converter (version 2006.09.02).]
\scratchcounter=\count106
\scratchdimen=\dimen121
\scratchbox=\box33
\nofMPsegments=\count107
\nofMParguments=\count108
\everyMPshowfont=\toks30
\MPscratchCnt=\count109
\MPscratchDim=\dimen122
\MPnumerator=\count110
\makeMPintoPDFobject=\count111
\everyMPtoPDFconversion=\toks31
) (d:/Program Files/texlive/2014/texmf-dist/tex/generic/oberdiek/pdftexcmds.sty
Package: pdftexcmds 2011/11/29 v0.20 Utility functions of pdfTeX for LuaTeX (HO
)
(d:/Program Files/texlive/2014/texmf-dist/tex/generic/oberdiek/ifluatex.sty
Package: ifluatex 2010/03/01 v1.3 Provides the ifluatex switch (HO)
Package ifluatex Info: LuaTeX not detected.
)
(d:/Program Files/texlive/2014/texmf-dist/tex/generic/oberdiek/ifpdf.sty
Package: ifpdf 2011/01/30 v2.3 Provides the ifpdf switch (HO)
Package ifpdf Info: pdfTeX in PDF mode is detected.
)
Package pdftexcmds Info: LuaTeX not detected.
Package pdftexcmds Info: \pdf@primitive is available.
Package pdftexcmds Info: \pdf@ifprimitive is available.
Package pdftexcmds Info: \pdfdraftmode found.
)
(d:/Program Files/texlive/2014/texmf-dist/tex/latex/oberdiek/epstopdf-base.sty
Package: epstopdf-base 2010/02/09 v2.5 Base part for package epstopdf

(d:/Program Files/texlive/2014/texmf-dist/tex/latex/oberdiek/grfext.sty
Package: grfext 2010/08/19 v1.1 Manage graphics extensions (HO)

(d:/Program Files/texlive/2014/texmf-dist/tex/generic/oberdiek/kvdefinekeys.sty
Package: kvdefinekeys 2011/04/07 v1.3 Define keys (HO)
)) (d:/Program Files/texlive/2014/texmf-dist/tex/latex/oberdiek/kvoptions.sty
Package: kvoptions 2011/06/30 v3.11 Key value format for package options (HO)

(d:/Program Files/texlive/2014/texmf-dist/tex/generic/oberdiek/kvsetkeys.sty
Package: kvsetkeys 2012/04/25 v1.16 Key value parser (HO)

(d:/Program Files/texlive/2014/texmf-dist/tex/generic/oberdiek/etexcmds.sty
Package: etexcmds 2011/02/16 v1.5 Avoid name clashes with e-TeX commands (HO)
Package etexcmds Info: Could not find \expanded.
(etexcmds)             That can mean that you are not using pdfTeX 1.50 or
(etexcmds)             that some package has redefined \expanded.
(etexcmds)             In the latter case, load this package earlier.
)))
Package grfext Info: Graphics extension search list:
(grfext)             [.png,.pdf,.jpg,.mps,.jpeg,.jbig2,.jb2,.PNG,.PDF,.JPG,.JPE
G,.JBIG2,.JB2,.eps]
(grfext)             \AppendGraphicsExtensions on input line 452.

(d:/Program Files/texlive/2014/texmf-dist/tex/latex/latexconfig/epstopdf-sys.cf
g
File: epstopdf-sys.cfg 2010/07/13 v1.3 Configuration of (r)epstopdf for TeX Liv
e
))
LaTeX Font Info:    Try loading font information for LY1+phv on input line 37.
 (d:/Program Files/texlive/2014/texmf-dist/tex/latex/ly1/ly1phv.fd
File: ly1phv.fd 2001/02/01 scalable font definitions for LY1/phv using Berry na
mes.
)
Package epstopdf Info: Source file: <OUP_First_SBk_Bot_8401.eps>
(epstopdf)                    date: 2015-08-12 16:24:54
(epstopdf)                    size: 407286 bytes
(epstopdf)             Output file: <OUP_First_SBk_Bot_8401-eps-converted-to.pd
f>
(epstopdf)                    date: 2015-11-14 13:47:52
(epstopdf)                    size: 9121 bytes
(epstopdf)             Command: <repstopdf --outfile=OUP_First_SBk_Bot_8401-eps
-converted-to.pdf OUP_First_SBk_Bot_8401.eps>
(epstopdf)             \includegraphics on input line 37.
Package epstopdf Info: Output file is already uptodate.

<OUP_First_SBk_Bot_8401-eps-converted-to.pdf, id=1, 54.2025pt x 54.2025pt>
File: OUP_First_SBk_Bot_8401-eps-converted-to.pdf Graphic file (type pdf)

<use OUP_First_SBk_Bot_8401-eps-converted-to.pdf>
Package pdftex.def Info: OUP_First_SBk_Bot_8401-eps-converted-to.pdf used on in
put line 37.
(pdftex.def)             Requested size: 54.20236pt x 54.20236pt.
LaTeX Font Info:    Font shape `LY1/phv/bx/n' in size <8> not available
(Font)              Font shape `LY1/phv/b/n' tried instead on input line 37.
LaTeX Font Info:    Font shape `LY1/phv/bx/n' in size <18> not available
(Font)              Font shape `LY1/phv/b/n' tried instead on input line 37.
LaTeX Font Info:    Font shape `LY1/phv/bx/n' in size <12> not available
(Font)              Font shape `LY1/phv/b/n' tried instead on input line 37.
LaTeX Font Info:    Try loading font information for U+msa on input line 37.

(d:/Program Files/texlive/2014/texmf-dist/tex/latex/amsfonts/umsa.fd
File: umsa.fd 2013/01/14 v3.01 AMS symbols A
)
LaTeX Font Info:    Try loading font information for U+msb on input line 37.

(d:/Program Files/texlive/2014/texmf-dist/tex/latex/amsfonts/umsb.fd
File: umsb.fd 2013/01/14 v3.01 AMS symbols B
)
LaTeX Font Info:    Font shape `LY1/phv/bx/n' in size <9> not available
(Font)              Font shape `LY1/phv/b/n' tried instead on input line 37.
LaTeX Font Info:    Font shape `LY1/phv/bx/n' in size <7> not available
(Font)              Font shape `LY1/phv/b/n' tried instead on input line 37.


LaTeX Font Warning: Font shape `OT1/cmr/m/n' in size <6.5> not available
(Font)              size <6> substituted on input line 37.


LaTeX Font Warning: Font shape `OML/cmm/m/it' in size <6.5> not available
(Font)              size <6> substituted on input line 37.


LaTeX Font Warning: Font shape `OMS/cmsy/m/n' in size <6.5> not available
(Font)              size <6> substituted on input line 37.

LaTeX Font Info:    Calculating math sizes for size <8.5> on input line 37.

LaTeX Font Warning: Font shape `OT1/cmr/m/n' in size <8.5> not available
(Font)              size <8> substituted on input line 37.


LaTeX Font Warning: Font shape `OT1/cmr/m/n' in size <4.25> not available
(Font)              size <5> substituted on input line 37.


LaTeX Font Warning: Font shape `OML/cmm/m/it' in size <8.5> not available
(Font)              size <8> substituted on input line 37.


LaTeX Font Warning: Font shape `OML/cmm/m/it' in size <4.25> not available
(Font)              size <5> substituted on input line 37.


LaTeX Font Warning: Font shape `OMS/cmsy/m/n' in size <8.5> not available
(Font)              size <8> substituted on input line 37.


LaTeX Font Warning: Font shape `OMS/cmsy/m/n' in size <4.25> not available
(Font)              size <5> substituted on input line 37.

LaTeX Font Info:    Font shape `LY1/phv/bx/n' in size <10> not available
(Font)              Font shape `LY1/phv/b/n' tried instead on input line 37.
LaTeX Font Info:    Font shape `LY1/phv/m/it' in size <9> not available
(Font)              Font shape `LY1/phv/m/sl' tried instead on input line 37.

Underfull \hbox (badness 10000) detected at line 37
[]
 []

LaTeX Font Info:    Font shape `LY1/ptm/bx/n' in size <8> not available
(Font)              Font shape `LY1/ptm/b/n' tried instead on input line 56.

LaTeX Warning: Reference `fig:02' on page 1 undefined on input line 56.


LaTeX Warning: Reference `fig:02' on page 1 undefined on input line 67.


LaTeX Warning: Reference `fig:02' on page 1 undefined on input line 72.


LaTeX Warning: Reference `fig:02' on page 1 undefined on input line 77.


LaTeX Warning: Reference `fig:02' on page 1 undefined on input line 90.


LaTeX Warning: Reference `fig:02' on page 1 undefined on input line 95.


LaTeX Warning: Reference `fig:02' on page 1 undefined on input line 100.


LaTeX Warning: Reference `fig:02' on page 1 undefined on input line 105.


LaTeX Warning: Reference `fig:02' on page 1 undefined on input line 113.


LaTeX Warning: Reference `fig:02' on page 1 undefined on input line 118.


LaTeX Warning: Reference `fig:02' on page 1 undefined on input line 123.


LaTeX Warning: Reference `fig:02' on page 1 undefined on input line 128.


Overfull \hbox (1.12001pt too wide) has occurred while \output is active
 []
 []

[1{d:/Program Files/texlive/2014/texmf-var/fonts/map/pdftex/updmap/pdftex.map}



 <./OUP_First_SBk_Bot_8401-eps-converted-to.pdf>]

LaTeX Warning: Reference `fig:02' on page 2 undefined on input line 137.


LaTeX Warning: Reference `fig:02' on page 2 undefined on input line 142.


LaTeX Warning: Reference `fig:02' on page 2 undefined on input line 147.


LaTeX Warning: Reference `fig:02' on page 2 undefined on input line 155.


LaTeX Warning: Reference `fig:02' on page 2 undefined on input line 160.


LaTeX Warning: Reference `fig:02' on page 2 undefined on input line 170.


LaTeX Warning: Reference `fig:02' on page 2 undefined on input line 175.


LaTeX Warning: Reference `fig:02' on page 2 undefined on input line 180.


LaTeX Warning: Reference `fig:02' on page 2 undefined on input line 185.


LaTeX Warning: Reference `fig:02' on page 2 undefined on input line 190.


LaTeX Warning: Reference `fig:02' on page 2 undefined on input line 195.


LaTeX Warning: Reference `fig:02' on page 2 undefined on input line 200.


LaTeX Warning: Reference `fig:02' on page 2 undefined on input line 211.


LaTeX Warning: Reference `fig:02' on page 2 undefined on input line 216.


LaTeX Warning: Reference `fig:02' on page 2 undefined on input line 221.


LaTeX Warning: Reference `fig:02' on page 2 undefined on input line 229.


LaTeX Warning: Reference `fig:02' on page 2 undefined on input line 234.


LaTeX Warning: Reference `fig:02' on page 2 undefined on input line 239.


LaTeX Warning: Reference `fig:02' on page 2 undefined on input line 247.


LaTeX Warning: Reference `fig:02' on page 2 undefined on input line 252.


LaTeX Warning: Reference `fig:02' on page 2 undefined on input line 257.


LaTeX Warning: Reference `fig:02' on page 2 undefined on input line 262.


LaTeX Warning: Reference `fig:02' on page 2 undefined on input line 267.


LaTeX Warning: Reference `fig:02' on page 2 undefined on input line 272.


LaTeX Warning: Reference `fig:02' on page 2 undefined on input line 277.


LaTeX Warning: Reference `fig:02' on page 2 undefined on input line 288.


LaTeX Warning: Reference `fig:02' on page 2 undefined on input line 293.


LaTeX Warning: Reference `fig:02' on page 2 undefined on input line 298.


Underfull \vbox (badness 10000) has occurred while \output is active []

LaTeX Font Info:    Font shape `LY1/phv/m/it' in size <8> not available
(Font)              Font shape `LY1/phv/m/sl' tried instead on input line 301.

Overfull \hbox (252.0pt too wide) has occurred while \output is active
[][] 
 []

[2]

LaTeX Warning: Reference `fig:02' on page 3 undefined on input line 306.


LaTeX Warning: Reference `fig:02' on page 3 undefined on input line 311.


LaTeX Warning: Reference `fig:02' on page 3 undefined on input line 316.


LaTeX Warning: Reference `fig:02' on page 3 undefined on input line 323.


LaTeX Warning: Reference `fig:02' on page 3 undefined on input line 328.


LaTeX Warning: Reference `fig:02' on page 3 undefined on input line 333.


LaTeX Warning: Reference `fig:02' on page 3 undefined on input line 339.


LaTeX Warning: Reference `fig:02' on page 3 undefined on input line 344.


LaTeX Warning: Reference `fig:02' on page 3 undefined on input line 349.


LaTeX Warning: Reference `fig:02' on page 3 undefined on input line 354.


LaTeX Warning: Reference `fig:02' on page 3 undefined on input line 363.


LaTeX Warning: Reference `fig:02' on page 3 undefined on input line 368.


LaTeX Warning: Reference `fig:02' on page 3 undefined on input line 373.

LaTeX Font Info:    Calculating math sizes for size <7.5> on input line 384.

LaTeX Font Warning: Font shape `OT1/cmr/m/n' in size <7.5> not available
(Font)              size <7> substituted on input line 384.


LaTeX Font Warning: Font shape `OT1/cmr/m/n' in size <3.75> not available
(Font)              size <5> substituted on input line 384.


LaTeX Font Warning: Font shape `OML/cmm/m/it' in size <7.5> not available
(Font)              size <7> substituted on input line 384.


LaTeX Font Warning: Font shape `OML/cmm/m/it' in size <3.75> not available
(Font)              size <5> substituted on input line 384.


LaTeX Font Warning: Font shape `OMS/cmsy/m/n' in size <7.5> not available
(Font)              size <7> substituted on input line 384.


LaTeX Font Warning: Font shape `OMS/cmsy/m/n' in size <3.75> not available
(Font)              size <5> substituted on input line 384.

LaTeX Font Info:    Try loading font information for LY1+phb on input line 384.

LaTeX Font Info:    No file LY1phb.fd. on input line 384.

LaTeX Font Warning: Font shape `LY1/phb/m/n' undefined
(Font)              using `LY1/ptm/m/n' instead on input line 384.


LaTeX Font Warning: Font shape `LY1/phb/bx/n' undefined
(Font)              using `LY1/phb/m/n' instead on input line 384.


Overfull \hbox (12.0pt too wide) in paragraph at lines 384--384
[]$[]$ 
 []


LaTeX Warning: File `fig01.eps' not found on input line 393.

Package epstopdf Info: Source file: <fig01.eps>
(epstopdf)             Output file: <fig01-eps-converted-to.pdf>
(epstopdf)             Command: <repstopdf --outfile=fig01-eps-converted-to.pdf
 fig01.eps>
(epstopdf)             \includegraphics on input line 393.
Package epstopdf Info: Output file is already uptodate.

! Package pdftex.def Error: File `fig01-eps-converted-to.pdf' not found.

See the pdftex.def package documentation for explanation.
Type  H <return>  for immediate help.
 ...                                              
                                                  
l.393 \centerline{\includegraphics{fig01.eps}}
                                              
? 
LaTeX Font Info:    Try loading font information for LY1+pcr on input line 393.

(d:/Program Files/texlive/2014/texmf-dist/tex/latex/ly1/ly1pcr.fd
File: ly1pcr.fd 2001/02/01 font definitions for LY1/pcr using Berry names.
)
Overfull \hbox (1.0pt too wide) in paragraph at lines 392--394
[][][][][][][]
 []

LaTeX Font Info:    Font shape `LY1/phv/bx/n' in size <6.5> not available
(Font)              Font shape `LY1/phv/b/n' tried instead on input line 394.

LaTeX Warning: Reference `fig:02' on page 3 undefined on input line 404.


LaTeX Warning: Reference `fig:02' on page 3 undefined on input line 409.


LaTeX Warning: Reference `fig:02' on page 3 undefined on input line 414.


LaTeX Warning: Reference `fig:02' on page 3 undefined on input line 421.


LaTeX Warning: Reference `fig:02' on page 3 undefined on input line 426.


LaTeX Warning: Reference `fig:02' on page 3 undefined on input line 431.


LaTeX Warning: Reference `fig:02' on page 3 undefined on input line 443.


LaTeX Warning: Reference `fig:02' on page 3 undefined on input line 448.


LaTeX Warning: Reference `fig:02' on page 3 undefined on input line 457.


LaTeX Warning: Reference `fig:02' on page 3 undefined on input line 459.


LaTeX Warning: Reference `fig:02' on page 3 undefined on input line 461.


LaTeX Warning: Reference `fig:02' on page 3 undefined on input line 488.


LaTeX Warning: Reference `fig:02' on page 3 undefined on input line 493.


LaTeX Warning: Reference `fig:02' on page 3 undefined on input line 498.


Underfull \vbox (badness 10000) has occurred while \output is active []


Overfull \hbox (252.0pt too wide) has occurred while \output is active
[][] 
 []

[3]

LaTeX Warning: Reference `fig:02' on page 4 undefined on input line 505.


LaTeX Warning: Reference `fig:02' on page 4 undefined on input line 517.


LaTeX Warning: Reference `fig:02' on page 4 undefined on input line 522.


Underfull \vbox (badness 10000) has occurred while \output is active []



LaTeX Warning: Reference `fig:02' on page 4 undefined on input line 531.

LaTeX Font Info:    Font shape `LY1/ptm/bx/n' in size <7> not available
(Font)              Font shape `LY1/ptm/b/n' tried instead on input line 558.

Underfull \hbox (badness 10000) in paragraph at lines 573--576
[]\LY1/ptm/m/n/7 Crenshaw, B.,III, and Jones, W.B.,Jr (2003) The future of clin
ical
 []


Underfull \hbox (badness 10000) in paragraph at lines 573--576
\LY1/ptm/m/n/7 cancer management: one tumor, one chip. \LY1/ptm/m/it/7 Bioinfor
matics\LY1/ptm/m/n/7 ,
 []


Underfull \vbox (badness 10000) has occurred while \output is active []

Extra height:28.98698pt when 309.86148pt

Underfull \vbox (badness 10000) has occurred while \output is active []

Extra height:28.98698pt when 310.86148pt

Underfull \vbox (badness 10000) has occurred while \output is active []

Extra height:28.98698pt when 311.86148pt

Underfull \vbox (badness 10000) has occurred while \output is active []

Extra height:28.98698pt when 312.86148pt

Underfull \vbox (badness 10000) has occurred while \output is active []

Extra height:28.98698pt when 313.86148pt

Underfull \vbox (badness 10000) has occurred while \output is active []

Extra height:0.0pt when 314.86148pt

Underfull \vbox (badness 10000) has occurred while \output is active []

(2)Left:314.86148pt Right:303.98698pt Output:314.86148pt
- LAST -
Extra skip:0.0pt
Left:314.86148pt
Right:303.98698pt
Output:314.86148pt

Underfull \vbox (badness 10000) has occurred while \output is active []


Overfull \hbox (252.0pt too wide) has occurred while \output is active
[][] 
 []

[4] (./main.aux)

LaTeX Font Warning: Size substitutions with differences
(Font)              up to 1.25pt have occurred.


LaTeX Font Warning: Some font shapes were not available, defaults substituted.


LaTeX Warning: There were undefined references.

 ) 
Here is how much of TeX's memory you used:
 3717 strings out of 493117
 46829 string characters out of 6132744
 126626 words of memory out of 5000000
 7082 multiletter control sequences out of 15000+600000
 62297 words of font info for 110 fonts, out of 8000000 for 9000
 1145 hyphenation exceptions out of 8191
 38i,10n,28p,265b,352s stack positions out of 5000i,500n,10000p,200000b,80000s
{d:/Program Files/texlive/2014/texmf-dist/fonts/enc/dvips/ly1/texnansi.enc}<d
:/Program Files/texlive/2014/texmf-dist/fonts/type1/public/amsfonts/cmextra/cmb
sy9.pfb><d:/Program Files/texlive/2014/texmf-dist/fonts/type1/public/amsfonts/c
mextra/cmex8.pfb><d:/Program Files/texlive/2014/texmf-dist/fonts/type1/public/a
msfonts/cm/cmr8.pfb><d:/Program Files/texlive/2014/texmf-dist/fonts/type1/publi
c/amsfonts/cm/cmsy6.pfb><d:/Program Files/texlive/2014/texmf-dist/fonts/type1/p
ublic/amsfonts/cm/cmsy7.pfb><d:/Program Files/texlive/2014/texmf-dist/fonts/typ
e1/urw/courier/ucrr8a.pfb><d:/Program Files/texlive/2014/texmf-dist/fonts/type1
/urw/helvetic/uhvb8a.pfb><d:/Program Files/texlive/2014/texmf-dist/fonts/type1/
urw/helvetic/uhvr8a.pfb><d:/Program Files/texlive/2014/texmf-dist/fonts/type1/u
rw/helvetic/uhvr8ac.pfb><d:/Program Files/texlive/2014/texmf-dist/fonts/type1/u
rw/helvetic/uhvro8a.pfb><d:/Program Files/texlive/2014/texmf-dist/fonts/type1/u
rw/helvetic/uhvro8ac.pfb><d:/Program Files/texlive/2014/texmf-dist/fonts/type1/
urw/times/utmb8a.pfb><d:/Program Files/texlive/2014/texmf-dist/fonts/type1/urw/
times/utmr8a.pfb><d:/Program Files/texlive/2014/texmf-dist/fonts/type1/urw/time
s/utmri8a.pfb>
Output written on main.pdf (4 pages, 127432 bytes).
PDF statistics:
 77 PDF objects out of 1000 (max. 8388607)
 55 compressed objects within 1 object stream
 0 named destinations out of 1000 (max. 500000)
 6 words of extra memory for PDF output out of 10000 (max. 10000000)

